#
# There is insufficient memory for the Java Runtime Environment to continue.
# Native memory allocation (malloc) failed to allocate 32744 bytes for ChunkPool::allocate
# Possible reasons:
#   The system is out of physical RAM or swap space
#   The process is running with CompressedOops enabled, and the Java Heap may be blocking the growth of the native heap
# Possible solutions:
#   Reduce memory load on the system
#   Increase physical memory or swap space
#   Check if swap backing store is full
#   Decrease Java heap size (-Xmx/-Xms)
#   Decrease number of Java threads
#   Decrease Java thread stack sizes (-Xss)
#   Set larger code cache with -XX:ReservedCodeCacheSize=
#   JVM is running with Unscaled Compressed Oops mode in which the Java heap is
#     placed in the first 4GB address space. The Java Heap base address is the
#     maximum limit for the native heap growth. Please use -XX:HeapBaseMinAddress
#     to set the Java Heap base and to place the Java Heap above 4GB virtual address.
# This output file may be truncated or incomplete.
#
#  Out of Memory Error (arena.cpp:78), pid=11988, tid=16328
#
# JRE version: OpenJDK Runtime Environment Temurin-17.0.6+10 (17.0.6+10) (build 17.0.6+10)
# Java VM: OpenJDK 64-Bit Server VM Temurin-17.0.6+10 (17.0.6+10, mixed mode, tiered, compressed oops, compressed class ptrs, g1 gc, windows-amd64)
# No core dump will be written. Minidumps are not enabled by default on client versions of Windows
#

---------------  S U M M A R Y ------------

Command Line: -ea -Dfile.encoding=UTF-8 -XX:+ShowCodeDetailsInExceptionMessages org.testng.remote.RemoteTestNG -serport 63474 -protocol json -d C:\Users\HP\eclipse-workspace\JavaCourse\javaprograming\vishant\test-output C:\Users\HP\AppData\Local\Temp\testng-eclipse-1145021697\testng-customsuite.xml

Host: AMD Ryzen 3 5300U with Radeon Graphics         , 8 cores, 7G,  Windows 11 , 64 bit Build 22000 (10.0.22000.2538)
Time: Sat Oct  5 20:34:45 2024 India Standard Time elapsed time: 26.309301 seconds (0d 0h 0m 26s)

---------------  T H R E A D  ---------------

Current thread (0x000002533a823ca0):  JavaThread "C1 CompilerThread0" daemon [_thread_in_native, id=16328, stack(0x000000de5a100000,0x000000de5a200000)]


Current CompileTask:
C1:  26309 2746       3       java.lang.invoke.MethodHandles::argumentsWithCombinerChecks (197 bytes)

Stack: [0x000000de5a100000,0x000000de5a200000]
Native frames: (J=compiled Java code, j=interpreted, Vv=VM code, C=native code)
V  [jvm.dll+0x67741a]
V  [jvm.dll+0x834434]
V  [jvm.dll+0x835bde]
V  [jvm.dll+0x836243]
V  [jvm.dll+0x2457b5]
V  [jvm.dll+0xabd1c]
V  [jvm.dll+0xac0cc]
V  [jvm.dll+0x1639ae]
V  [jvm.dll+0x15ddfe]
V  [jvm.dll+0x14c120]
V  [jvm.dll+0x134d07]
V  [jvm.dll+0x13468f]
V  [jvm.dll+0x1348c6]
V  [jvm.dll+0x133d5a]
V  [jvm.dll+0x135a21]
V  [jvm.dll+0x22742a]
V  [jvm.dll+0x225565]
V  [jvm.dll+0x7ea2cb]
V  [jvm.dll+0x7e483a]
V  [jvm.dll+0x6762c5]
C  [ucrtbase.dll+0x26c0c]
C  [KERNEL32.DLL+0x153e0]
C  [ntdll.dll+0x485b]


---------------  P R O C E S S  ---------------

Threads class SMR info:
_java_thread_list=0x000002533e11e2f0, length=26, elements={
0x000002531e4393f0, 0x0000025339db1a40, 0x0000025339db26b0, 0x0000025339dfd670,
0x0000025339dfe830, 0x000002533a814420, 0x000002533a814ce0, 0x000002533a821cc0,
0x000002533a823ca0, 0x000002533a8271a0, 0x000002533a9b2a80, 0x000002533a9c4660,
0x000002533ba7d250, 0x000002533c16f210, 0x000002533b8b0eb0, 0x000002533b8b1380,
0x000002533b8af6a0, 0x000002533b8aed00, 0x000002533b8ae360, 0x000002533b8b09e0,
0x000002533b8ad9c0, 0x000002533b8b0510, 0x000002533b8af1d0, 0x000002533b8ae830,
0x000002533b8afb70, 0x000002533b8b0040
}

Java Threads: ( => current thread )
  0x000002531e4393f0 JavaThread "main" [_thread_in_native, id=12952, stack(0x000000de59300000,0x000000de59400000)]
  0x0000025339db1a40 JavaThread "Reference Handler" daemon [_thread_blocked, id=15256, stack(0x000000de59a00000,0x000000de59b00000)]
  0x0000025339db26b0 JavaThread "Finalizer" daemon [_thread_blocked, id=14560, stack(0x000000de59b00000,0x000000de59c00000)]
  0x0000025339dfd670 JavaThread "Signal Dispatcher" daemon [_thread_blocked, id=18948, stack(0x000000de59c00000,0x000000de59d00000)]
  0x0000025339dfe830 JavaThread "Attach Listener" daemon [_thread_blocked, id=23156, stack(0x000000de59d00000,0x000000de59e00000)]
  0x000002533a814420 JavaThread "Service Thread" daemon [_thread_blocked, id=18412, stack(0x000000de59e00000,0x000000de59f00000)]
  0x000002533a814ce0 JavaThread "Monitor Deflation Thread" daemon [_thread_blocked, id=20748, stack(0x000000de59f00000,0x000000de5a000000)]
  0x000002533a821cc0 JavaThread "C2 CompilerThread0" daemon [_thread_blocked, id=24616, stack(0x000000de5a000000,0x000000de5a100000)]
=>0x000002533a823ca0 JavaThread "C1 CompilerThread0" daemon [_thread_in_native, id=16328, stack(0x000000de5a100000,0x000000de5a200000)]
  0x000002533a8271a0 JavaThread "Sweeper thread" daemon [_thread_blocked, id=18748, stack(0x000000de5a200000,0x000000de5a300000)]
  0x000002533a9b2a80 JavaThread "Notification Thread" daemon [_thread_blocked, id=1984, stack(0x000000de5a300000,0x000000de5a400000)]
  0x000002533a9c4660 JavaThread "Common-Cleaner" daemon [_thread_blocked, id=2428, stack(0x000000de5a500000,0x000000de5a600000)]
  0x000002533ba7d250 JavaThread "ForkJoinPool.commonPool-worker-1" daemon [_thread_blocked, id=24100, stack(0x000000de5ae00000,0x000000de5af00000)]
  0x000002533c16f210 JavaThread "ForkJoinPool.commonPool-worker-2" daemon [_thread_blocked, id=5696, stack(0x000000de5af00000,0x000000de5b000000)]
  0x000002533b8b0eb0 JavaThread "HttpClient-1-SelectorManager" daemon [_thread_in_native, id=12936, stack(0x000000de5b300000,0x000000de5b400000)]
  0x000002533b8b1380 JavaThread "External Process Output Forwarder - C:\Users\HP\.cache\selenium\chromedriver\win64\129.0.6668.89\chromedriver.exe" daemon [_thread_in_native, id=25164, stack(0x000000de5b400000,0x000000de5b500000)]
  0x000002533b8af6a0 JavaThread "Driver Service Executor" daemon [_thread_blocked, id=23768, stack(0x000000de5b500000,0x000000de5b600000)]
  0x000002533b8aed00 JavaThread "Driver Service Executor" daemon [_thread_blocked, id=8016, stack(0x000000de5b600000,0x000000de5b700000)]
  0x000002533b8ae360 JavaThread "UrlChecker-2" daemon [_thread_blocked, id=20168, stack(0x000000de5b700000,0x000000de5b800000)]
  0x000002533b8b09e0 JavaThread "JdkHttpClient-0-0" daemon [_thread_blocked, id=4764, stack(0x000000de5b900000,0x000000de5ba00000)]
  0x000002533b8ad9c0 JavaThread "JdkHttpClient-0-1" daemon [_thread_blocked, id=9364, stack(0x000000de5ba00000,0x000000de5bb00000)]
  0x000002533b8b0510 JavaThread "JdkHttpClient-0-2" daemon [_thread_blocked, id=9436, stack(0x000000de5bb00000,0x000000de5bc00000)]
  0x000002533b8af1d0 JavaThread "HttpClient-2-SelectorManager" daemon [_thread_in_native, id=17696, stack(0x000000de5a600000,0x000000de5a700000)]
  0x000002533b8ae830 JavaThread "JdkHttpClient-1-0" daemon [_thread_blocked, id=13864, stack(0x000000de5bc00000,0x000000de5bd00000)]
  0x000002533b8afb70 JavaThread "JdkHttpClient-1-1" daemon [_thread_blocked, id=21476, stack(0x000000de5bd00000,0x000000de5be00000)]
  0x000002533b8b0040 JavaThread "JdkHttpClient-1-2" daemon [_thread_blocked, id=15780, stack(0x000000de5be00000,0x000000de5bf00000)]

Other Threads:
  0x0000025339dd7200 VMThread "VM Thread" [stack: 0x000000de59900000,0x000000de59a00000] [id=20024]
  0x000002533a9ba790 WatcherThread [stack: 0x000000de5a400000,0x000000de5a500000] [id=15284]
  0x000002531e4933a0 GCTaskThread "GC Thread#0" [stack: 0x000000de59400000,0x000000de59500000] [id=24216]
  0x000002533b24e770 GCTaskThread "GC Thread#1" [stack: 0x000000de5a700000,0x000000de5a800000] [id=20344]
  0x000002533b5d93b0 GCTaskThread "GC Thread#2" [stack: 0x000000de5a800000,0x000000de5a900000] [id=22348]
  0x000002533b5d9660 GCTaskThread "GC Thread#3" [stack: 0x000000de5a900000,0x000000de5aa00000] [id=24088]
  0x000002533b5d9910 GCTaskThread "GC Thread#4" [stack: 0x000000de5aa00000,0x000000de5ab00000] [id=21340]
  0x000002533b5da3d0 GCTaskThread "GC Thread#5" [stack: 0x000000de5ab00000,0x000000de5ac00000] [id=8820]
  0x000002533de0cce0 GCTaskThread "GC Thread#6" [stack: 0x000000de5b000000,0x000000de5b100000] [id=1884]
  0x000002533b7dd440 GCTaskThread "GC Thread#7" [stack: 0x000000de5b100000,0x000000de5b200000] [id=13804]
  0x000002531e4a3c10 ConcurrentGCThread "G1 Main Marker" [stack: 0x000000de59500000,0x000000de59600000] [id=19464]
  0x000002531e4a4520 ConcurrentGCThread "G1 Conc#0" [stack: 0x000000de59600000,0x000000de59700000] [id=11512]
  0x000002533de57180 ConcurrentGCThread "G1 Conc#1" [stack: 0x000000de5b200000,0x000000de5b300000] [id=4336]
  0x0000025339c22cd0 ConcurrentGCThread "G1 Refine#0" [stack: 0x000000de59700000,0x000000de59800000] [id=23384]
  0x000002531e4f9a60 ConcurrentGCThread "G1 Service" [stack: 0x000000de59800000,0x000000de59900000] [id=26424]

Threads with active compile tasks:
C1 CompilerThread0    26354 2746       3       java.lang.invoke.MethodHandles::argumentsWithCombinerChecks (197 bytes)

VM state: not at safepoint (normal execution)

VM Mutex/Monitor currently owned by a thread: None

Heap address: 0x000000008ac00000, size: 1876 MB, Compressed Oops mode: 32-bit

CDS archive(s) not mapped
Compressed class space mapped at: 0x0000000100000000-0x0000000140000000, reserved size: 1073741824
Narrow klass base: 0x0000000000000000, Narrow klass shift: 3, Narrow klass range: 0x140000000

GC Precious Log:
 CPUs: 8 total, 8 available
 Memory: 7502M
 Large Page Support: Disabled
 NUMA Support: Disabled
 Compressed Oops: Enabled (32-bit)
 Heap Region Size: 1M
 Heap Min Capacity: 8M
 Heap Initial Capacity: 118M
 Heap Max Capacity: 1876M
 Pre-touch: Disabled
 Parallel Workers: 8
 Concurrent Workers: 2
 Concurrent Refinement Workers: 8
 Periodic GC: Disabled

Heap:
 garbage-first heap   total 34816K, used 12820K [0x000000008ac00000, 0x0000000100000000)
  region size 1024K, 3 young (3072K), 1 survivors (1024K)
 Metaspace       used 30573K, committed 30912K, reserved 1081344K
  class space    used 3506K, committed 3648K, reserved 1048576K

Heap Regions: E=young(eden), S=young(survivor), O=old, HS=humongous(starts), HC=humongous(continues), CS=collection set, F=free, OA=open archive, CA=closed archive, TAMS=top-at-mark-start (previous, next)
|   0|0x000000008ac00000, 0x000000008ad00000, 0x000000008ad00000|100%| O|  |TAMS 0x000000008ad00000, 0x000000008ac00000| Untracked 
|   1|0x000000008ad00000, 0x000000008ae00000, 0x000000008ae00000|100%| O|  |TAMS 0x000000008ae00000, 0x000000008ad00000| Untracked 
|   2|0x000000008ae00000, 0x000000008af00000, 0x000000008af00000|100%| O|  |TAMS 0x000000008af00000, 0x000000008ae00000| Untracked 
|   3|0x000000008af00000, 0x000000008b000000, 0x000000008b000000|100%| O|  |TAMS 0x000000008af36400, 0x000000008af00000| Untracked 
|   4|0x000000008b000000, 0x000000008b100000, 0x000000008b100000|100%| O|  |TAMS 0x000000008b000000, 0x000000008b000000| Untracked 
|   5|0x000000008b100000, 0x000000008b200000, 0x000000008b200000|100%| O|  |TAMS 0x000000008b100000, 0x000000008b100000| Untracked 
|   6|0x000000008b200000, 0x000000008b200000, 0x000000008b300000|  0%| F|  |TAMS 0x000000008b200000, 0x000000008b200000| Untracked 
|   7|0x000000008b300000, 0x000000008b400000, 0x000000008b400000|100%| O|  |TAMS 0x000000008b300000, 0x000000008b300000| Untracked 
|   8|0x000000008b400000, 0x000000008b500000, 0x000000008b500000|100%| O|  |TAMS 0x000000008b400000, 0x000000008b400000| Untracked 
|   9|0x000000008b500000, 0x000000008b600000, 0x000000008b600000|100%| O|  |TAMS 0x000000008b500000, 0x000000008b500000| Untracked 
|  10|0x000000008b600000, 0x000000008b700000, 0x000000008b700000|100%| O|  |TAMS 0x000000008b600000, 0x000000008b600000| Untracked 
|  11|0x000000008b700000, 0x000000008b700000, 0x000000008b800000|  0%| F|  |TAMS 0x000000008b700000, 0x000000008b700000| Untracked 
|  12|0x000000008b800000, 0x000000008b800000, 0x000000008b900000|  0%| F|  |TAMS 0x000000008b800000, 0x000000008b800000| Untracked 
|  13|0x000000008b900000, 0x000000008b900000, 0x000000008ba00000|  0%| F|  |TAMS 0x000000008b900000, 0x000000008b900000| Untracked 
|  14|0x000000008ba00000, 0x000000008ba8e600, 0x000000008bb00000| 55%| O|  |TAMS 0x000000008ba00000, 0x000000008ba00000| Untracked 
|  15|0x000000008bb00000, 0x000000008bb00000, 0x000000008bc00000|  0%| F|  |TAMS 0x000000008bb00000, 0x000000008bb00000| Untracked 
|  16|0x000000008bc00000, 0x000000008bc00000, 0x000000008bd00000|  0%| F|  |TAMS 0x000000008bc00000, 0x000000008bc00000| Untracked 
|  17|0x000000008bd00000, 0x000000008bd00000, 0x000000008be00000|  0%| F|  |TAMS 0x000000008bd00000, 0x000000008bd00000| Untracked 
|  18|0x000000008be00000, 0x000000008be00000, 0x000000008bf00000|  0%| F|  |TAMS 0x000000008be00000, 0x000000008be00000| Untracked 
|  19|0x000000008bf00000, 0x000000008bf00000, 0x000000008c000000|  0%| F|  |TAMS 0x000000008bf00000, 0x000000008bf00000| Untracked 
|  20|0x000000008c000000, 0x000000008c0f6a80, 0x000000008c100000| 96%| S|CS|TAMS 0x000000008c000000, 0x000000008c000000| Complete 
|  21|0x000000008c100000, 0x000000008c100000, 0x000000008c200000|  0%| F|  |TAMS 0x000000008c100000, 0x000000008c100000| Untracked 
|  22|0x000000008c200000, 0x000000008c200000, 0x000000008c300000|  0%| F|  |TAMS 0x000000008c200000, 0x000000008c200000| Untracked 
|  23|0x000000008c300000, 0x000000008c300000, 0x000000008c400000|  0%| F|  |TAMS 0x000000008c300000, 0x000000008c300000| Untracked 
|  24|0x000000008c400000, 0x000000008c400000, 0x000000008c500000|  0%| F|  |TAMS 0x000000008c400000, 0x000000008c400000| Untracked 
|  25|0x000000008c500000, 0x000000008c500000, 0x000000008c600000|  0%| F|  |TAMS 0x000000008c500000, 0x000000008c500000| Untracked 
|  26|0x000000008c600000, 0x000000008c600000, 0x000000008c700000|  0%| F|  |TAMS 0x000000008c600000, 0x000000008c600000| Untracked 
|  27|0x000000008c700000, 0x000000008c700000, 0x000000008c800000|  0%| F|  |TAMS 0x000000008c700000, 0x000000008c700000| Untracked 
|  28|0x000000008c800000, 0x000000008c800000, 0x000000008c900000|  0%| F|  |TAMS 0x000000008c800000, 0x000000008c800000| Untracked 
|  29|0x000000008c900000, 0x000000008c900000, 0x000000008ca00000|  0%| F|  |TAMS 0x000000008c900000, 0x000000008c900000| Untracked 
|  30|0x000000008ca00000, 0x000000008ca00000, 0x000000008cb00000|  0%| F|  |TAMS 0x000000008ca00000, 0x000000008ca00000| Untracked 
|  97|0x0000000090d00000, 0x0000000090d00000, 0x0000000090e00000|  0%| F|  |TAMS 0x0000000090d00000, 0x0000000090d00000| Untracked 
|  98|0x0000000090e00000, 0x0000000090e99d40, 0x0000000090f00000| 60%| E|  |TAMS 0x0000000090e00000, 0x0000000090e00000| Complete 
| 117|0x0000000092100000, 0x0000000092200000, 0x0000000092200000|100%| E|CS|TAMS 0x0000000092100000, 0x0000000092100000| Complete 

Card table byte_map: [0x00000253330e0000,0x0000025333490000] _byte_map_base: 0x0000025332c8a000

Marking Bits (Prev, Next): (CMBitMap*) 0x000002531e494100, (CMBitMap*) 0x000002531e4940c0
 Prev Bits: [0x0000025335590000, 0x00000253372e0000)
 Next Bits: [0x0000025333840000, 0x0000025335590000)

Polling page: 0x000002531e500000

Metaspace:

Usage:
  Non-class:     26.43 MB used.
      Class:      3.42 MB used.
       Both:     29.86 MB used.

Virtual space:
  Non-class space:       32.00 MB reserved,      26.62 MB ( 83%) committed,  4 nodes.
      Class space:        1.00 GB reserved,       3.56 MB ( <1%) committed,  1 nodes.
             Both:        1.03 GB reserved,      30.19 MB (  3%) committed. 

Chunk freelists:
   Non-Class:  1.25 MB
       Class:  320.00 KB
        Both:  1.56 MB

MaxMetaspaceSize: unlimited
CompressedClassSpaceSize: 1.00 GB
Initial GC threshold: 21.00 MB
Current GC threshold: 35.12 MB
CDS: off
MetaspaceReclaimPolicy: balanced
 - commit_granule_bytes: 65536.
 - commit_granule_words: 8192.
 - virtual_space_node_default_size: 1048576.
 - enlarge_chunks_in_place: 1.
 - new_chunks_are_fully_committed: 0.
 - uncommit_free_chunks: 1.
 - use_allocation_guard: 0.
 - handle_deallocations: 1.


Internal statistics:

num_allocs_failed_limit: 3.
num_arena_births: 416.
num_arena_deaths: 0.
num_vsnodes_births: 5.
num_vsnodes_deaths: 0.
num_space_committed: 483.
num_space_uncommitted: 0.
num_chunks_returned_to_freelist: 3.
num_chunks_taken_from_freelist: 1016.
num_chunk_merges: 3.
num_chunk_splits: 616.
num_chunks_enlarged: 413.
num_purges: 0.
num_inconsistent_stats: 0.

CodeHeap 'non-profiled nmethods': size=120000Kb used=1095Kb max_used=1095Kb free=118904Kb
 bounds [0x000002532ada0000, 0x000002532b010000, 0x00000253322d0000]
CodeHeap 'profiled nmethods': size=120000Kb used=5259Kb max_used=5259Kb free=114740Kb
 bounds [0x00000253232d0000, 0x0000025323800000, 0x000002532a800000]
CodeHeap 'non-nmethods': size=5760Kb used=1268Kb max_used=1301Kb free=4491Kb
 bounds [0x000002532a800000, 0x000002532aa70000, 0x000002532ada0000]
 total_blobs=3326 nmethods=2744 adapters=494
 compilation: enabled
              stopped_count=0, restarted_count=0
 full_count=0

Compilation events (20 events):
Event: 26.285 Thread 0x000002533a823ca0 nmethod 2735 0x00000253237ef810 code [0x00000253237ef9c0, 0x00000253237efc08]
Event: 26.285 Thread 0x000002533a823ca0 2736   !   3       java.io.PrintWriter::write (58 bytes)
Event: 26.286 Thread 0x000002533a823ca0 nmethod 2736 0x00000253237efd90 code [0x00000253237effa0, 0x00000253237f0568]
Event: 26.287 Thread 0x000002533a823ca0 2737       3       java.lang.invoke.BoundMethodHandle$Species_L::speciesData (4 bytes)
Event: 26.287 Thread 0x000002533a823ca0 nmethod 2737 0x00000253237f0890 code [0x00000253237f0a20, 0x00000253237f0b38]
Event: 26.296 Thread 0x000002533a823ca0 2738       3       java.util.ArrayList$ArrayListSpliterator::getFence (35 bytes)
Event: 26.296 Thread 0x000002533a823ca0 nmethod 2738 0x00000253237f0c10 code [0x00000253237f0da0, 0x00000253237f0ef8]
Event: 26.296 Thread 0x000002533a823ca0 2739       3       java.lang.ThreadLocal$ThreadLocalMap::nextIndex (15 bytes)
Event: 26.296 Thread 0x000002533a823ca0 nmethod 2739 0x00000253237f0f90 code [0x00000253237f1120, 0x00000253237f1258]
Event: 26.297 Thread 0x000002533a823ca0 2740       3       jdk.internal.reflect.ReflectionFactory::copyField (11 bytes)
Event: 26.297 Thread 0x000002533a823ca0 nmethod 2740 0x00000253237f1310 code [0x00000253237f14c0, 0x00000253237f16a8]
Event: 26.297 Thread 0x000002533a823ca0 2741       3       java.lang.reflect.ReflectAccess::copyField (5 bytes)
Event: 26.297 Thread 0x000002533a823ca0 nmethod 2741 0x00000253237f1810 code [0x00000253237f19c0, 0x00000253237f1b08]
Event: 26.297 Thread 0x000002533a823ca0 2742       3       org.testng.shaded.com.google.gson.TypeAdapter::<init> (5 bytes)
Event: 26.298 Thread 0x000002533a823ca0 nmethod 2742 0x00000253237f1c10 code [0x00000253237f1da0, 0x00000253237f1ef8]
Event: 26.298 Thread 0x000002533a823ca0 2743   !   3       java.io.BufferedWriter::write (55 bytes)
Event: 26.298 Thread 0x000002533a823ca0 nmethod 2743 0x00000253237f1f90 code [0x00000253237f2160, 0x00000253237f2598]
Event: 26.301 Thread 0x000002533a823ca0 2744       3       java.lang.invoke.LambdaForm$MH/0x0000000100139c00::invoke (27 bytes)
Event: 26.302 Thread 0x000002533a823ca0 nmethod 2744 0x00000253237f2810 code [0x00000253237f29e0, 0x00000253237f2e18]
Event: 26.302 Thread 0x000002533a823ca0 2746       3       java.lang.invoke.MethodHandles::argumentsWithCombinerChecks (197 bytes)

GC Heap History (10 events):
Event: 1.153 GC heap before
{Heap before GC invocations=0 (full 0):
 garbage-first heap   total 120832K, used 22528K [0x000000008ac00000, 0x0000000100000000)
  region size 1024K, 23 young (23552K), 0 survivors (0K)
 Metaspace       used 12929K, committed 13056K, reserved 1064960K
  class space    used 1329K, committed 1408K, reserved 1048576K
}
Event: 1.160 GC heap after
{Heap after GC invocations=1 (full 0):
 garbage-first heap   total 120832K, used 6361K [0x000000008ac00000, 0x0000000100000000)
  region size 1024K, 3 young (3072K), 3 survivors (3072K)
 Metaspace       used 12929K, committed 13056K, reserved 1064960K
  class space    used 1329K, committed 1408K, reserved 1048576K
}
Event: 1.959 GC heap before
{Heap before GC invocations=1 (full 0):
 garbage-first heap   total 120832K, used 24793K [0x000000008ac00000, 0x0000000100000000)
  region size 1024K, 22 young (22528K), 3 survivors (3072K)
 Metaspace       used 21241K, committed 21504K, reserved 1073152K
  class space    used 2333K, committed 2496K, reserved 1048576K
}
Event: 1.965 GC heap after
{Heap after GC invocations=2 (full 0):
 garbage-first heap   total 120832K, used 8346K [0x000000008ac00000, 0x0000000100000000)
  region size 1024K, 2 young (2048K), 2 survivors (2048K)
 Metaspace       used 21241K, committed 21504K, reserved 1073152K
  class space    used 2333K, committed 2496K, reserved 1048576K
}
Event: 3.217 GC heap before
{Heap before GC invocations=3 (full 0):
 garbage-first heap   total 34816K, used 25754K [0x000000008ac00000, 0x0000000100000000)
  region size 1024K, 20 young (20480K), 2 survivors (2048K)
 Metaspace       used 27657K, committed 27968K, reserved 1081344K
  class space    used 3127K, committed 3264K, reserved 1048576K
}
Event: 3.224 GC heap after
{Heap after GC invocations=4 (full 0):
 garbage-first heap   total 34816K, used 11066K [0x000000008ac00000, 0x0000000100000000)
  region size 1024K, 3 young (3072K), 3 survivors (3072K)
 Metaspace       used 27657K, committed 27968K, reserved 1081344K
  class space    used 3127K, committed 3264K, reserved 1048576K
}
Event: 3.243 GC heap before
{Heap before GC invocations=4 (full 0):
 garbage-first heap   total 34816K, used 11066K [0x000000008ac00000, 0x0000000100000000)
  region size 1024K, 4 young (4096K), 3 survivors (3072K)
 Metaspace       used 27934K, committed 28288K, reserved 1081344K
  class space    used 3154K, committed 3328K, reserved 1048576K
}
Event: 3.246 GC heap after
{Heap after GC invocations=5 (full 0):
 garbage-first heap   total 34816K, used 11292K [0x000000008ac00000, 0x0000000100000000)
  region size 1024K, 1 young (1024K), 1 survivors (1024K)
 Metaspace       used 27934K, committed 28288K, reserved 1081344K
  class space    used 3154K, committed 3328K, reserved 1048576K
}
Event: 26.193 GC heap before
{Heap before GC invocations=5 (full 0):
 garbage-first heap   total 34816K, used 22556K [0x000000008ac00000, 0x0000000100000000)
  region size 1024K, 13 young (13312K), 1 survivors (1024K)
 Metaspace       used 30239K, committed 30592K, reserved 1081344K
  class space    used 3474K, committed 3648K, reserved 1048576K
}
Event: 26.197 GC heap after
{Heap after GC invocations=6 (full 0):
 garbage-first heap   total 34816K, used 11796K [0x000000008ac00000, 0x0000000100000000)
  region size 1024K, 1 young (1024K), 1 survivors (1024K)
 Metaspace       used 30239K, committed 30592K, reserved 1081344K
  class space    used 3474K, committed 3648K, reserved 1048576K
}

Dll operation events (9 events):
Event: 0.014 Loaded shared library C:\Users\HP\.p2\pool\plugins\org.eclipse.justj.openjdk.hotspot.jre.full.win32.x86_64_17.0.6.v20230204-1729\jre\bin\java.dll
Event: 0.259 Loaded shared library C:\Users\HP\.p2\pool\plugins\org.eclipse.justj.openjdk.hotspot.jre.full.win32.x86_64_17.0.6.v20230204-1729\jre\bin\net.dll
Event: 0.263 Loaded shared library C:\Users\HP\.p2\pool\plugins\org.eclipse.justj.openjdk.hotspot.jre.full.win32.x86_64_17.0.6.v20230204-1729\jre\bin\nio.dll
Event: 0.277 Loaded shared library C:\Users\HP\.p2\pool\plugins\org.eclipse.justj.openjdk.hotspot.jre.full.win32.x86_64_17.0.6.v20230204-1729\jre\bin\zip.dll
Event: 0.532 Loaded shared library C:\Users\HP\.p2\pool\plugins\org.eclipse.justj.openjdk.hotspot.jre.full.win32.x86_64_17.0.6.v20230204-1729\jre\bin\jimage.dll
Event: 0.579 Loaded shared library C:\Users\HP\.p2\pool\plugins\org.eclipse.justj.openjdk.hotspot.jre.full.win32.x86_64_17.0.6.v20230204-1729\jre\bin\verify.dll
Event: 1.014 Loaded shared library C:\Users\HP\.p2\pool\plugins\org.eclipse.justj.openjdk.hotspot.jre.full.win32.x86_64_17.0.6.v20230204-1729\jre\bin\management.dll
Event: 1.019 Loaded shared library C:\Users\HP\.p2\pool\plugins\org.eclipse.justj.openjdk.hotspot.jre.full.win32.x86_64_17.0.6.v20230204-1729\jre\bin\management_ext.dll
Event: 2.818 Loaded shared library C:\Users\HP\.p2\pool\plugins\org.eclipse.justj.openjdk.hotspot.jre.full.win32.x86_64_17.0.6.v20230204-1729\jre\bin\sunmscapi.dll

Deoptimization events (20 events):
Event: 3.010 Thread 0x000002531e4393f0 DEOPT PACKING pc=0x000002532ae6a9c4 sp=0x000000de593fa250
Event: 3.010 Thread 0x000002531e4393f0 DEOPT UNPACKING pc=0x000002532a8569a3 sp=0x000000de593fa1e0 mode 2
Event: 3.057 Thread 0x000002531e4393f0 DEOPT PACKING pc=0x00000253233a1475 sp=0x000000de593f5b80
Event: 3.057 Thread 0x000002531e4393f0 DEOPT UNPACKING pc=0x000002532a857143 sp=0x000000de593f5008 mode 0
Event: 4.097 Thread 0x000002531e4393f0 Uncommon trap: trap_request=0xffffff45 fr.pc=0x000002532ae68784 relative=0x0000000000000f64
Event: 4.097 Thread 0x000002531e4393f0 Uncommon trap: reason=unstable_if action=reinterpret pc=0x000002532ae68784 method=java.util.concurrent.ConcurrentHashMap.putVal(Ljava/lang/Object;Ljava/lang/Object;Z)Ljava/lang/Object; @ 231 c2
Event: 4.097 Thread 0x000002531e4393f0 DEOPT PACKING pc=0x000002532ae68784 sp=0x000000de593fd200
Event: 4.097 Thread 0x000002531e4393f0 DEOPT UNPACKING pc=0x000002532a8569a3 sp=0x000000de593fd170 mode 2
Event: 26.224 Thread 0x000002531e4393f0 Uncommon trap: trap_request=0xffffff45 fr.pc=0x000002532adaa21c relative=0x00000000000003fc
Event: 26.224 Thread 0x000002531e4393f0 Uncommon trap: reason=unstable_if action=reinterpret pc=0x000002532adaa21c method=java.lang.StringLatin1.canEncode(I)Z @ 4 c2
Event: 26.224 Thread 0x000002531e4393f0 DEOPT PACKING pc=0x000002532adaa21c sp=0x000000de593fe5b0
Event: 26.224 Thread 0x000002531e4393f0 DEOPT UNPACKING pc=0x000002532a8569a3 sp=0x000000de593fe4d8 mode 2
Event: 26.224 Thread 0x000002531e4393f0 Uncommon trap: trap_request=0xffffff45 fr.pc=0x000002532adaac08 relative=0x00000000000003e8
Event: 26.224 Thread 0x000002531e4393f0 Uncommon trap: reason=unstable_if action=reinterpret pc=0x000002532adaac08 method=java.lang.AbstractStringBuilder.isLatin1()Z @ 10 c2
Event: 26.224 Thread 0x000002531e4393f0 DEOPT PACKING pc=0x000002532adaac08 sp=0x000000de593fe5d0
Event: 26.224 Thread 0x000002531e4393f0 DEOPT UNPACKING pc=0x000002532a8569a3 sp=0x000000de593fe550 mode 2
Event: 26.224 Thread 0x000002531e4393f0 Uncommon trap: trap_request=0xffffff45 fr.pc=0x000002532ada875c relative=0x000000000000005c
Event: 26.224 Thread 0x000002531e4393f0 Uncommon trap: reason=unstable_if action=reinterpret pc=0x000002532ada875c method=java.lang.AbstractStringBuilder.isLatin1()Z @ 10 c2
Event: 26.224 Thread 0x000002531e4393f0 DEOPT PACKING pc=0x000002532ada875c sp=0x000000de593fe5b0
Event: 26.224 Thread 0x000002531e4393f0 DEOPT UNPACKING pc=0x000002532a8569a3 sp=0x000000de593fe540 mode 2

Classes unloaded (0 events):
No events

Classes redefined (0 events):
No events

Internal exceptions (20 events):
Event: 2.856 Thread 0x000002531e4393f0 Exception <a 'sun/nio/fs/WindowsException'{0x000000008c462b30}> (0x000000008c462b30) 
thrown [s\src\hotspot\share\prims\jni.cpp, line 516]
Event: 2.869 Thread 0x000002531e4393f0 Exception <a 'java/lang/NoSuchMethodError'{0x000000008c485988}: 'int java.lang.invoke.DirectMethodHandle$Holder.invokeStaticInit(java.lang.Object, java.lang.Object, java.lang.Object, java.lang.Object)'> (0x000000008c485988) 
thrown [s\src\hotspot\share\interpreter\linkResolver.cpp, line 759]
Event: 3.080 Thread 0x000002531e4393f0 Exception <a 'java/lang/NoSuchMethodError'{0x000000008bc4cfe0}: 'java.lang.Object java.lang.invoke.DirectMethodHandle$Holder.invokeInterface(java.lang.Object, java.lang.Object, java.lang.Object)'> (0x000000008bc4cfe0) 
thrown [s\src\hotspot\share\interpreter\linkResolver.cpp, line 759]
Event: 3.080 Thread 0x000002531e4393f0 Exception <a 'java/lang/IncompatibleClassChangeError'{0x000000008bc506a8}: Found class java.lang.Object, but interface was expected> (0x000000008bc506a8) 
thrown [s\src\hotspot\share\interpreter\linkResolver.cpp, line 826]
Event: 3.082 Thread 0x000002531e4393f0 Exception <a 'java/lang/NoSuchMethodError'{0x000000008bc58b50}: 'int java.lang.invoke.DirectMethodHandle$Holder.invokeSpecialIFC(java.lang.Object, java.lang.Object, java.lang.Object, java.lang.Object)'> (0x000000008bc58b50) 
thrown [s\src\hotspot\share\interpreter\linkResolver.cpp, line 759]
Event: 3.087 Thread 0x000002531e4393f0 Exception <a 'java/lang/NoSuchMethodError'{0x000000008bc7e9d0}: 'java.lang.Object java.lang.invoke.DirectMethodHandle$Holder.invokeVirtual(java.lang.Object, java.lang.Object, java.lang.Object, java.lang.Object)'> (0x000000008bc7e9d0) 
thrown [s\src\hotspot\share\interpreter\linkResolver.cpp, line 759]
Event: 3.114 Thread 0x000002533b8ae360 Exception <a 'java/net/ConnectException'{0x000000008bb47bf0}: Connection refused: no further information> (0x000000008bb47bf0) 
thrown [s\src\hotspot\share\prims\jni.cpp, line 535]
Event: 3.114 Thread 0x000002533b8ae360 Exception <a 'java/net/SocketException'{0x000000008bb47f28}: Socket is not connected: shutdown> (0x000000008bb47f28) 
thrown [s\src\hotspot\share\prims\jni.cpp, line 535]
Event: 3.127 Thread 0x000002533b8ae360 Exception <a 'java/net/ConnectException'{0x000000008bb48f20}: Connection refused: no further information> (0x000000008bb48f20) 
thrown [s\src\hotspot\share\prims\jni.cpp, line 535]
Event: 3.127 Thread 0x000002533b8ae360 Exception <a 'java/net/SocketException'{0x000000008bb49258}: Socket is not connected: shutdown> (0x000000008bb49258) 
thrown [s\src\hotspot\share\prims\jni.cpp, line 535]
Event: 3.189 Thread 0x000002531e4393f0 Exception <a 'java/lang/NoSuchMethodError'{0x000000008bbe0588}: 'java.lang.Object java.lang.invoke.DirectMethodHandle$Holder.newInvokeSpecial(java.lang.Object, java.lang.Object, int, int)'> (0x000000008bbe0588) 
thrown [s\src\hotspot\share\interpreter\linkResolver.cpp, line 759]
Event: 3.190 Thread 0x000002531e4393f0 Exception <a 'java/lang/NoSuchMethodError'{0x000000008bbeb2d8}: 'void java.lang.invoke.DirectMethodHandle$Holder.invokeStatic(java.lang.Object, java.lang.Object, int)'> (0x000000008bbeb2d8) 
thrown [s\src\hotspot\share\interpreter\linkResolver.cpp, line 759]
Event: 3.251 Thread 0x000002533b8b09e0 Exception <a 'java/lang/NoSuchMethodError'{0x0000000092139c08}: 'java.lang.Object java.lang.invoke.DirectMethodHandle$Holder.invokeSpecial(java.lang.Object, java.lang.Object, java.lang.Object, java.lang.Object, int)'> (0x0000000092139c08) 
thrown [s\src\hotspot\share\interpreter\linkResolver.cpp, line 759]
Event: 3.251 Thread 0x000002533b8b09e0 Exception <a 'java/lang/NoSuchMethodError'{0x000000009213d7d0}: 'java.lang.Object java.lang.invoke.Invokers$Holder.linkToTargetMethod(java.lang.Object, java.lang.Object, int, java.lang.Object)'> (0x000000009213d7d0) 
thrown [s\src\hotspot\share\interpreter\linkResolver.cpp, line 759]
Event: 3.275 Thread 0x000002533b8b09e0 Exception <a 'java/lang/NoSuchMethodError'{0x0000000090d93a00}: 'void java.lang.invoke.DirectMethodHandle$Holder.invokeSpecial(java.lang.Object, java.lang.Object, java.lang.Object, java.lang.Object, java.lang.Object)'> (0x0000000090d93a00) 
thrown [s\src\hotspot\share\interpreter\linkResolver.cpp, line 759]
Event: 4.048 Thread 0x000002533b8b09e0 Exception <a 'java/lang/NoSuchMethodError'{0x000000008c900e70}: 'java.lang.Object java.lang.invoke.DirectMethodHandle$Holder.newInvokeSpecial(java.lang.Object, java.lang.Object, long, java.lang.Object, java.lang.Object, java.lang.Object)'> (0x000000008c900e70) 
thrown [s\src\hotspot\share\interpreter\linkResolver.cpp, line 759]
Event: 4.052 Thread 0x000002533b8b09e0 Exception <a 'java/lang/NoSuchMethodError'{0x000000008c92c848}: 'void java.lang.invoke.DirectMethodHandle$Holder.invokeSpecial(java.lang.Object, java.lang.Object, java.lang.Object, java.lang.Object, java.lang.Object, java.lang.Object, java.lang.Object)'> (0x000000008c92c848) 
thrown [s\src\hotspot\share\interpreter\linkResolver.cpp, line 759]
Event: 4.067 Thread 0x000002531e4393f0 Exception <a 'java/lang/NoSuchMethodError'{0x000000008c99d228}: 'java.lang.Object java.lang.invoke.DirectMethodHandle$Holder.invokeSpecialIFC(java.lang.Object, java.lang.Object, java.lang.Object)'> (0x000000008c99d228) 
thrown [s\src\hotspot\share\interpreter\linkResolver.cpp, line 759]
Event: 4.183 Thread 0x000002531e4393f0 Exception <a 'java/lang/ClassNotFoundException'{0x000000008c5e75a8}: sun/util/logging/resources/spi/loggingProvider> (0x000000008c5e75a8) 
thrown [s\src\hotspot\share\classfile\systemDictionary.cpp, line 256]
Event: 26.165 Thread 0x000002531e4393f0 Exception <a 'java/lang/reflect/InvocationTargetException'{0x000000008c1b8460}> (0x000000008c1b8460) 
thrown [s\src\hotspot\share\runtime\reflection.cpp, line 1121]

VM Operations (20 events):
Event: 5.050 Executing VM operation: Cleanup
Event: 5.051 Executing VM operation: Cleanup done
Event: 9.077 Executing VM operation: Cleanup
Event: 9.078 Executing VM operation: Cleanup done
Event: 11.088 Executing VM operation: Cleanup
Event: 11.089 Executing VM operation: Cleanup done
Event: 15.118 Executing VM operation: Cleanup
Event: 15.118 Executing VM operation: Cleanup done
Event: 18.131 Executing VM operation: Cleanup
Event: 18.131 Executing VM operation: Cleanup done
Event: 21.146 Executing VM operation: Cleanup
Event: 21.146 Executing VM operation: Cleanup done
Event: 22.148 Executing VM operation: Cleanup
Event: 22.148 Executing VM operation: Cleanup done
Event: 25.175 Executing VM operation: Cleanup
Event: 25.175 Executing VM operation: Cleanup done
Event: 26.179 Executing VM operation: Cleanup
Event: 26.181 Executing VM operation: Cleanup done
Event: 26.193 Executing VM operation: G1CollectForAllocation
Event: 26.197 Executing VM operation: G1CollectForAllocation done

Events (20 events):
Event: 26.235 loading class sun/util/resources/TimeZoneNamesBundle done
Event: 26.235 loading class sun/util/resources/cldr/TimeZoneNames done
Event: 26.235 loading class sun/util/resources/cldr/TimeZoneNames_en
Event: 26.237 loading class sun/util/resources/cldr/TimeZoneNames_en done
Event: 26.246 loading class sun/util/resources/TimeZoneNames
Event: 26.248 loading class sun/util/resources/TimeZoneNames done
Event: 26.249 loading class sun/util/resources/TimeZoneNames_en
Event: 26.249 loading class sun/util/resources/TimeZoneNames_en done
Event: 26.253 loading class java/text/StringCharacterIterator
Event: 26.253 loading class java/text/CharacterIterator
Event: 26.254 loading class java/text/CharacterIterator done
Event: 26.254 loading class java/text/StringCharacterIterator done
Event: 26.255 loading class java/util/concurrent/ConcurrentLinkedDeque$Itr
Event: 26.255 loading class java/util/concurrent/ConcurrentLinkedDeque$AbstractItr
Event: 26.255 loading class java/util/concurrent/ConcurrentLinkedDeque$AbstractItr done
Event: 26.255 loading class java/util/concurrent/ConcurrentLinkedDeque$Itr done
Event: 26.274 loading class java/io/FileOutputStream$1
Event: 26.274 loading class java/io/FileOutputStream$1 done
Event: 26.281 loading class sun/util/resources/cldr/TimeZoneNames_en_US
Event: 26.281 loading class sun/util/resources/cldr/TimeZoneNames_en_US done


Dynamic libraries:
0x00007ff6520d0000 - 0x00007ff6520de000 	C:\Users\HP\.p2\pool\plugins\org.eclipse.justj.openjdk.hotspot.jre.full.win32.x86_64_17.0.6.v20230204-1729\jre\bin\javaw.exe
0x00007ff99afc0000 - 0x00007ff99b1c9000 	C:\windows\SYSTEM32\ntdll.dll
0x00007ff99a130000 - 0x00007ff99a1ed000 	C:\windows\System32\KERNEL32.DLL
0x00007ff9989c0000 - 0x00007ff998d44000 	C:\windows\System32\KERNELBASE.dll
0x00007ff998660000 - 0x00007ff998771000 	C:\windows\System32\ucrtbase.dll
0x00007ff994d00000 - 0x00007ff994d17000 	C:\Users\HP\.p2\pool\plugins\org.eclipse.justj.openjdk.hotspot.jre.full.win32.x86_64_17.0.6.v20230204-1729\jre\bin\jli.dll
0x00007ff994ce0000 - 0x00007ff994cf9000 	C:\Users\HP\.p2\pool\plugins\org.eclipse.justj.openjdk.hotspot.jre.full.win32.x86_64_17.0.6.v20230204-1729\jre\bin\VCRUNTIME140.dll
0x00007ff99a7f0000 - 0x00007ff99a99d000 	C:\windows\System32\USER32.dll
0x00007ff998630000 - 0x00007ff998656000 	C:\windows\System32\win32u.dll
0x00007ff97e3c0000 - 0x00007ff97e665000 	C:\windows\WinSxS\amd64_microsoft.windows.common-controls_6595b64144ccf1df_6.0.22000.120_none_9d947278b86cc467\COMCTL32.dll
0x00007ff99a710000 - 0x00007ff99a73a000 	C:\windows\System32\GDI32.dll
0x00007ff999e70000 - 0x00007ff999f13000 	C:\windows\System32\msvcrt.dll
0x00007ff9988a0000 - 0x00007ff9989be000 	C:\windows\System32\gdi32full.dll
0x00007ff998780000 - 0x00007ff99881d000 	C:\windows\System32\msvcp_win.dll
0x00007ff999f90000 - 0x00007ff999fc1000 	C:\windows\System32\IMM32.DLL
0x00007ff994cd0000 - 0x00007ff994cdc000 	C:\Users\HP\.p2\pool\plugins\org.eclipse.justj.openjdk.hotspot.jre.full.win32.x86_64_17.0.6.v20230204-1729\jre\bin\vcruntime140_1.dll
0x00007ff972520000 - 0x00007ff9725b1000 	C:\Users\HP\.p2\pool\plugins\org.eclipse.justj.openjdk.hotspot.jre.full.win32.x86_64_17.0.6.v20230204-1729\jre\bin\msvcp140.dll
0x00007ff934b40000 - 0x00007ff935787000 	C:\Users\HP\.p2\pool\plugins\org.eclipse.justj.openjdk.hotspot.jre.full.win32.x86_64_17.0.6.v20230204-1729\jre\bin\server\jvm.dll
0x00007ff99a740000 - 0x00007ff99a7ee000 	C:\windows\System32\ADVAPI32.dll
0x00007ff99a3c0000 - 0x00007ff99a45e000 	C:\windows\System32\sechost.dll
0x00007ff998e20000 - 0x00007ff998f41000 	C:\windows\System32\RPCRT4.dll
0x00007ff9925a0000 - 0x00007ff9925d3000 	C:\windows\SYSTEM32\WINMM.dll
0x00007ff994e50000 - 0x00007ff994e59000 	C:\windows\SYSTEM32\WSOCK32.dll
0x00007ff98ef00000 - 0x00007ff98ef0a000 	C:\windows\SYSTEM32\VERSION.dll
0x00007ff99a9a0000 - 0x00007ff99aa0f000 	C:\windows\System32\WS2_32.dll
0x00007ff997530000 - 0x00007ff997548000 	C:\windows\SYSTEM32\kernel.appcore.dll
0x00007ff994e40000 - 0x00007ff994e4a000 	C:\Users\HP\.p2\pool\plugins\org.eclipse.justj.openjdk.hotspot.jre.full.win32.x86_64_17.0.6.v20230204-1729\jre\bin\jimage.dll
0x00007ff98f1e0000 - 0x00007ff98f401000 	C:\windows\SYSTEM32\DBGHELP.DLL
0x00007ff981e10000 - 0x00007ff981e41000 	C:\windows\SYSTEM32\dbgcore.DLL
0x00007ff998820000 - 0x00007ff99889f000 	C:\windows\System32\bcryptPrimitives.dll
0x00007ff992c60000 - 0x00007ff992c85000 	C:\Users\HP\.p2\pool\plugins\org.eclipse.justj.openjdk.hotspot.jre.full.win32.x86_64_17.0.6.v20230204-1729\jre\bin\java.dll
0x00007ff994ca0000 - 0x00007ff994cb8000 	C:\Users\HP\.p2\pool\plugins\org.eclipse.justj.openjdk.hotspot.jre.full.win32.x86_64_17.0.6.v20230204-1729\jre\bin\zip.dll
0x00007ff9990f0000 - 0x00007ff9998b5000 	C:\windows\System32\SHELL32.dll
0x00007ff996520000 - 0x00007ff996d82000 	C:\windows\SYSTEM32\windows.storage.dll
0x00007ff99aaa0000 - 0x00007ff99ae16000 	C:\windows\System32\combase.dll
0x00007ff9963b0000 - 0x00007ff996517000 	C:\windows\SYSTEM32\wintypes.dll
0x00007ff999d80000 - 0x00007ff999e6a000 	C:\windows\System32\SHCORE.dll
0x00007ff99ae20000 - 0x00007ff99ae7d000 	C:\windows\System32\shlwapi.dll
0x00007ff998380000 - 0x00007ff9983a5000 	C:\windows\SYSTEM32\profapi.dll
0x00007ff992c00000 - 0x00007ff992c19000 	C:\Users\HP\.p2\pool\plugins\org.eclipse.justj.openjdk.hotspot.jre.full.win32.x86_64_17.0.6.v20230204-1729\jre\bin\net.dll
0x00007ff993350000 - 0x00007ff993464000 	C:\windows\SYSTEM32\WINHTTP.dll
0x00007ff9979e0000 - 0x00007ff997a47000 	C:\windows\system32\mswsock.dll
0x00007ff992be0000 - 0x00007ff992bf5000 	C:\Users\HP\.p2\pool\plugins\org.eclipse.justj.openjdk.hotspot.jre.full.win32.x86_64_17.0.6.v20230204-1729\jre\bin\nio.dll
0x00007ff994e30000 - 0x00007ff994e40000 	C:\Users\HP\.p2\pool\plugins\org.eclipse.justj.openjdk.hotspot.jre.full.win32.x86_64_17.0.6.v20230204-1729\jre\bin\verify.dll
0x00007ff994cc0000 - 0x00007ff994cc9000 	C:\Users\HP\.p2\pool\plugins\org.eclipse.justj.openjdk.hotspot.jre.full.win32.x86_64_17.0.6.v20230204-1729\jre\bin\management.dll
0x00007ff992e70000 - 0x00007ff992e7b000 	C:\Users\HP\.p2\pool\plugins\org.eclipse.justj.openjdk.hotspot.jre.full.win32.x86_64_17.0.6.v20230204-1729\jre\bin\management_ext.dll
0x00007ff99ae80000 - 0x00007ff99ae88000 	C:\windows\System32\PSAPI.DLL
0x00007ff97bad0000 - 0x00007ff97bae7000 	C:\windows\system32\napinsp.dll
0x00007ff97bab0000 - 0x00007ff97bacb000 	C:\windows\system32\pnrpnsp.dll
0x00007ff997000000 - 0x00007ff9970e7000 	C:\windows\SYSTEM32\DNSAPI.dll
0x00007ff996fd0000 - 0x00007ff996ffd000 	C:\windows\SYSTEM32\IPHLPAPI.DLL
0x00007ff99a1f0000 - 0x00007ff99a1f9000 	C:\windows\System32\NSI.dll
0x00007ff97ba90000 - 0x00007ff97baa2000 	C:\windows\System32\winrnr.dll
0x00007ff9910b0000 - 0x00007ff9910c5000 	C:\windows\system32\wshbth.dll
0x00007ff97ba70000 - 0x00007ff97ba8f000 	C:\windows\system32\nlansp_c.dll
0x00007ff98ef10000 - 0x00007ff98ef1a000 	C:\Windows\System32\rasadhlp.dll
0x00007ff991230000 - 0x00007ff9912b1000 	C:\windows\System32\fwpuclnt.dll
0x00007ff997ca0000 - 0x00007ff997cb8000 	C:\windows\SYSTEM32\CRYPTSP.dll
0x00007ff997490000 - 0x00007ff9974c5000 	C:\windows\system32\rsaenh.dll
0x00007ff997b00000 - 0x00007ff997b2c000 	C:\windows\SYSTEM32\USERENV.dll
0x00007ff997e20000 - 0x00007ff997e47000 	C:\windows\SYSTEM32\bcrypt.dll
0x00007ff997cc0000 - 0x00007ff997ccc000 	C:\windows\SYSTEM32\CRYPTBASE.dll
0x00007ff9932c0000 - 0x00007ff9932d9000 	C:\windows\SYSTEM32\dhcpcsvc6.DLL
0x00007ff9935c0000 - 0x00007ff9935de000 	C:\windows\SYSTEM32\dhcpcsvc.DLL
0x00007ff9930d0000 - 0x00007ff9930de000 	C:\Users\HP\.p2\pool\plugins\org.eclipse.justj.openjdk.hotspot.jre.full.win32.x86_64_17.0.6.v20230204-1729\jre\bin\sunmscapi.dll
0x00007ff9984c0000 - 0x00007ff998622000 	C:\windows\System32\CRYPT32.dll
0x00007ff997df0000 - 0x00007ff997e18000 	C:\windows\SYSTEM32\ncrypt.dll
0x00007ff997db0000 - 0x00007ff997de7000 	C:\windows\SYSTEM32\NTASN1.dll
0x00007ff992e60000 - 0x00007ff992e68000 	C:\windows\system32\wshunix.dll

dbghelp: loaded successfully - version: 4.0.5 - missing functions: none
symbol engine: initialized successfully - sym options: 0x614 - pdb path: .;C:\Users\HP\.p2\pool\plugins\org.eclipse.justj.openjdk.hotspot.jre.full.win32.x86_64_17.0.6.v20230204-1729\jre\bin;C:\windows\SYSTEM32;C:\windows\WinSxS\amd64_microsoft.windows.common-controls_6595b64144ccf1df_6.0.22000.120_none_9d947278b86cc467;C:\Users\HP\.p2\pool\plugins\org.eclipse.justj.openjdk.hotspot.jre.full.win32.x86_64_17.0.6.v20230204-1729\jre\bin\server

VM Arguments:
jvm_args: -ea -Dfile.encoding=UTF-8 -XX:+ShowCodeDetailsInExceptionMessages 
java_command: org.testng.remote.RemoteTestNG -serport 63474 -protocol json -d C:\Users\HP\eclipse-workspace\JavaCourse\javaprograming\vishant\test-output C:\Users\HP\AppData\Local\Temp\testng-eclipse-1145021697\testng-customsuite.xml
java_class_path (initial): C:\Users\HP\eclipse\java-2023-03\eclipse\configuration\org.eclipse.osgi\457\0\.cp\lib\testng-remote.jar;C:\Users\HP\eclipse-workspace\JavaCourse\javaprograming\vishant\target\test-classes;C:\Users\HP\eclipse-workspace\JavaCourse\javaprograming\vishant\target\classes;C:\Users\HP\.m2\repository\org\seleniumhq\selenium\selenium-java\4.20.0\selenium-java-4.20.0.jar;C:\Users\HP\.m2\repository\org\seleniumhq\selenium\selenium-api\4.20.0\selenium-api-4.20.0.jar;C:\Users\HP\.m2\repository\org\seleniumhq\selenium\selenium-chrome-driver\4.20.0\selenium-chrome-driver-4.20.0.jar;C:\Users\HP\.m2\repository\com\google\auto\service\auto-service-annotations\1.1.1\auto-service-annotations-1.1.1.jar;C:\Users\HP\.m2\repository\org\seleniumhq\selenium\selenium-chromium-driver\4.20.0\selenium-chromium-driver-4.20.0.jar;C:\Users\HP\.m2\repository\org\seleniumhq\selenium\selenium-json\4.20.0\selenium-json-4.20.0.jar;C:\Users\HP\.m2\repository\org\seleniumhq\selenium\selenium-manager\4.20.0\selenium-manager-4.20.0.jar;C:\Users\HP\.m2\repository\org\seleniumhq\selenium\selenium-devtools-v122\4.20.0\selenium-devtools-v122-4.20.0.jar;C:\Users\HP\.m2\repository\org\seleniumhq\selenium\selenium-devtools-v123\4.20.0\selenium-devtools-v123-4.20.0.jar;C:\Users\HP\.m2\repository\org\seleniumhq\selenium\selenium-devtools-v124\4.20.0\selenium-devtools-v124-4.20.0.jar;C:\Users\HP\.m2\repository\org\seleniumhq\selenium\selenium-devtools-v85\4.20.0\selenium-devtools-v85-4.20.0.jar;C:\Users\HP\.m2\repository\org\seleniumhq\selenium\selenium-edge-driver\4.20.0\selenium-edge-driver-4.20.0.jar;C:\Users\HP\.m2\repository\org\seleniumhq\selenium\selenium-firefox-driver\4.20.0\selenium-firefox-driver-4.20.0.jar;C:\Users\HP\.m2\repository\org\seleniumhq\selenium\selenium-http\4.20.0\selenium-http-4.20.0.jar;C:\Users\HP\.m2\repository\dev\failsafe\failsafe\3.3.2\failsafe-3.3.2.jar;C:\Users\HP\.m2\repository\org\seleniumhq\selenium\selenium-ie-driver\4.20.0\selenium-ie-driver-4.20.0.j
Launcher Type: SUN_STANDARD

[Global flags]
     intx CICompilerCount                          = 4                                         {product} {ergonomic}
     uint ConcGCThreads                            = 2                                         {product} {ergonomic}
     uint G1ConcRefinementThreads                  = 8                                         {product} {ergonomic}
   size_t G1HeapRegionSize                         = 1048576                                   {product} {ergonomic}
    uintx GCDrainStackTargetSize                   = 64                                        {product} {ergonomic}
   size_t InitialHeapSize                          = 123731968                                 {product} {ergonomic}
   size_t MarkStackSize                            = 4194304                                   {product} {ergonomic}
   size_t MaxHeapSize                              = 1967128576                                {product} {ergonomic}
   size_t MaxNewSize                               = 1179648000                                {product} {ergonomic}
   size_t MinHeapDeltaBytes                        = 1048576                                   {product} {ergonomic}
   size_t MinHeapSize                              = 8388608                                   {product} {ergonomic}
    uintx NonNMethodCodeHeapSize                   = 5839372                                {pd product} {ergonomic}
    uintx NonProfiledCodeHeapSize                  = 122909434                              {pd product} {ergonomic}
    uintx ProfiledCodeHeapSize                     = 122909434                              {pd product} {ergonomic}
    uintx ReservedCodeCacheSize                    = 251658240                              {pd product} {ergonomic}
     bool SegmentedCodeCache                       = true                                      {product} {ergonomic}
     bool ShowCodeDetailsInExceptionMessages       = true                                   {manageable} {command line}
   size_t SoftMaxHeapSize                          = 1967128576                             {manageable} {ergonomic}
     bool UseCompressedClassPointers               = true                           {product lp64_product} {ergonomic}
     bool UseCompressedOops                        = true                           {product lp64_product} {ergonomic}
     bool UseG1GC                                  = true                                      {product} {ergonomic}
     bool UseLargePagesIndividualAllocation        = false                                  {pd product} {ergonomic}

Logging:
Log output configuration:
 #0: stdout all=warning uptime,level,tags
 #1: stderr all=off uptime,level,tags

Environment Variables:
PATH=C:/Users/HP/.p2/pool/plugins/org.eclipse.justj.openjdk.hotspot.jre.full.win32.x86_64_17.0.6.v20230204-1729/jre/bin/server;C:/Users/HP/.p2/pool/plugins/org.eclipse.justj.openjdk.hotspot.jre.full.win32.x86_64_17.0.6.v20230204-1729/jre/bin;C:\Program Files\Common Files\Oracle\Java\javapath;C:\windows\system32;C:\windows;C:\windows\System32\Wbem;C:\windows\System32\WindowsPowerShell\v1.0\;C:\windows\System32\OpenSSH\;C:\Program Files\MySQL\MySQL Server 8.0\bin;C:\Program Files\MySQL\MySQL Server 8.0\bin;C:\Program Files\MySQL\MySQL Server 8.0\bin;C:\Program Files\apache-maven-3.9.8\bin;C:\Program Files\Git\cmd;C:\Program Files\Java\jdk-17\bin;C:\Program Files\nodejs\;C:\Program Files\nodejs\node_modules;C:\Program Files\MySQL\MySQL Shell 8.0\bin\;C:\Users\HP\AppData\Local\Microsoft\WindowsApps;;C:\Users\HP\AppData\Local\JetBrains\PyCharm Community Edition 2022.1\bin;;C:\Users\HP\AppData\Roaming\npm;C:\windows\System32;
USERNAME=HP
OS=Windows_NT
PROCESSOR_IDENTIFIER=AMD64 Family 23 Model 104 Stepping 1, AuthenticAMD
TMP=C:\Users\HP\AppData\Local\Temp
TEMP=C:\Users\HP\AppData\Local\Temp



---------------  S Y S T E M  ---------------

OS:
 Windows 11 , 64 bit Build 22000 (10.0.22000.2538)
OS uptime: 7 days 8:55 hours

CPU: total 8 (initial active 8) (8 cores per cpu, 2 threads per core) family 23 model 104 stepping 1 microcode 0x0, cx8, cmov, fxsr, ht, mmx, 3dnowpref, sse, sse2, sse3, ssse3, sse4a, sse4.1, sse4.2, popcnt, lzcnt, tsc, tscinvbit, avx, avx2, aes, clmul, bmi1, bmi2, adx, sha, fma, vzeroupper, clflush, clflushopt

Memory: 4k page, system-wide physical 7502M (398M free)
TotalPageFile size 12321M (AvailPageFile size 0M)
current process WorkingSet (physical memory assigned to process): 121M, peak: 135M
current process commit charge ("private bytes"): 153M, peak: 248M

vm_info: OpenJDK 64-Bit Server VM (17.0.6+10) for windows-amd64 JRE (17.0.6+10), built on Jan 18 2023 10:08:59 by "temurin" with MS VC++ 16.7 (VS2019)

END.
